2019-06-10 21:59:28 TRACE root:10 - start
2019-06-10 21:59:55 TRACE root:10 - start
2019-06-10 22:34:28 TRACE root:10 - start
2019-06-10 22:36:16 TRACE root:10 - start
2019-06-10 22:41:42 TRACE root:10 - start
2019-06-10 22:42:13 TRACE root:10 - start
2019-06-10 22:43:18 TRACE root:10 - This is a trace log.
2019-06-11 09:17:55 TRACE root:10 - This is a trace log.
2019-06-11 09:18:43 TRACE root:10 - This is a trace log.
2019-06-11 09:19:08 TRACE root:10 - This is a trace log.
2019-06-11 09:19:48 TRACE root:10 - This is a trace log.
2019-06-11 09:20:02 TRACE root:10 - This is a trace log.
2019-06-11 09:20:39 TRACE root:10 - This is a trace log.
2019-06-11 09:21:01 TRACE root:10 - This is a trace log.
2019-06-11 09:24:02 TRACE root:10 - This is a trace log.
2019-06-11 09:24:51 TRACE root:10 - This is a trace log.
2019-06-11 09:28:41 TRACE root:10 - This is a trace log.
2019-06-11 09:29:14 TRACE root:10 - This is a trace log.
2019-06-11 09:30:07 TRACE root:10 - This is a trace log.
2019-06-11 09:30:33 TRACE root:10 - This is a trace log.
2019-06-11 09:30:59 TRACE root:10 - This is a trace log.
2019-06-11 09:32:09 TRACE root:10 - This is a trace log.
2019-06-11 09:33:06 TRACE root:10 - This is a trace log.
2019-06-11 09:34:31 TRACE root:10 - This is a trace log.
2019-06-11 09:34:48 TRACE root:10 - This is a trace log.
2019-06-11 09:35:11 TRACE root:10 - This is a trace log.
2019-06-11 09:43:57 TRACE root:10 - This is a trace log.
2019-06-11 09:44:50 TRACE root:10 - This is a trace log.
2019-06-11 09:45:19 TRACE root:10 - This is a trace log.
2019-06-11 09:46:27 TRACE root:10 - This is a trace log.
2019-06-11 09:47:41 TRACE root:10 - This is a trace log.
2019-06-11 09:49:06 TRACE root:10 - This is a trace log.
2019-06-11 09:49:48 TRACE root:10 - This is a trace log.
2019-06-11 10:58:58 TRACE root:10 - This is a trace log.
2019-06-11 10:59:44 TRACE root:10 - Program started successfully.
2019-06-11 11:00:14 TRACE root:10 - Program started successfully.
2019-06-11 11:00:20 TRACE root:10 - Program ended successfully.
2019-06-11 11:02:19 TRACE root:10 - Program started successfully.
2019-06-11 11:04:30 TRACE root:10 - Program started successfully.
2019-06-11 11:07:40 TRACE root:10 - Program started successfully.
2019-06-11 11:07:47 TRACE root:10 - Program ended successfully.
2019-06-11 11:14:28 TRACE root:10 - Program started successfully.
2019-06-11 11:14:54 TRACE root:10 - Program started successfully.
2019-06-11 11:15:12 TRACE root:10 - Program started successfully.
2019-06-11 11:15:31 TRACE root:10 - Program started successfully.
2019-06-11 11:16:10 TRACE root:10 - Program started successfully.
2019-06-11 11:16:36 TRACE root:10 - Program started successfully.
2019-06-11 16:02:34 TRACE root:10 - Program started successfully.
2019-06-11 16:02:50 TRACE root:10 - Program started successfully.
2019-06-11 16:08:09 TRACE root:10 - Program started successfully.
2019-06-11 16:11:01 TRACE root:10 - Program ended successfully.
2019-06-11 16:11:05 TRACE root:10 - Program started successfully.
2019-06-11 16:25:35 TRACE root:10 - Program started successfully.
2019-06-11 16:28:47 TRACE root:10 - Program started successfully.
2019-06-11 16:43:10 TRACE root:10 - Program started successfully.
2019-06-11 16:45:19 TRACE root:10 - Program started successfully.
2019-06-11 21:39:03 TRACE root:10 - Program started successfully.
2019-06-11 22:25:07 TRACE root:10 - Program started successfully.
2019-06-11 23:44:55 TRACE root:10 - Program started successfully.
2019-06-11 23:46:07 TRACE root:10 - Program started successfully.
2019-06-11 23:50:11 TRACE root:10 - Program started successfully.
2019-06-12 09:08:07 TRACE root:10 - Program started successfully.
2019-06-12 09:13:05 TRACE root:10 - Program started successfully.
2019-06-12 09:14:06 TRACE root:10 - Program started successfully.
2019-06-12 09:19:11 TRACE root:10 - Program ended successfully.
2019-06-12 09:19:16 TRACE root:10 - Program started successfully.
2019-06-12 09:21:46 TRACE root:10 - Program started successfully.
2019-06-12 09:23:03 TRACE root:10 - Program started successfully.
2019-06-12 09:23:44 TRACE root:10 - Program started successfully.
2019-06-12 09:24:55 TRACE root:10 - Program started successfully.
2019-06-12 09:25:14 TRACE root:10 - Program started successfully.
2019-06-12 09:29:10 TRACE root:10 - Program started successfully.
2019-06-12 09:29:17 TRACE root:10 - Program ended successfully.
2019-06-12 09:29:22 TRACE root:10 - Program started successfully.
2019-06-12 09:29:26 TRACE root:10 - Program ended successfully.
2019-06-12 09:30:53 TRACE root:10 - Program started successfully.
2019-06-12 09:30:59 TRACE root:10 - Program ended successfully.
2019-06-12 09:31:06 TRACE root:10 - Program started successfully.
2019-06-12 09:31:40 TRACE root:10 - Program ended successfully.
2019-06-12 09:31:51 TRACE root:10 - Program started successfully.
2019-06-12 09:33:34 TRACE root:10 - Program started successfully.
2019-06-12 09:34:08 TRACE root:10 - Program ended successfully.
2019-06-12 09:34:14 TRACE root:10 - Program started successfully.
2019-06-12 09:43:28 TRACE root:10 - Program started successfully.
2019-06-12 10:19:58 TRACE root:10 - Program started successfully.
2019-06-12 10:27:00 TRACE root:10 - Program ended successfully.
2019-06-12 10:32:02 TRACE root:10 - Program started successfully.
2019-06-15 17:55:00 TRACE root:10 - Program started successfully.
2019-06-15 17:59:11 TRACE root:10 - Program started successfully.
2019-06-15 18:07:22 TRACE root:10 - Program started successfully.
2019-06-15 18:07:33 TRACE root:10 - Program ended successfully.
2019-06-15 18:07:34 TRACE root:10 - Program ended successfully.
2019-06-15 18:08:42 TRACE root:10 - Program started successfully.
2019-06-15 18:08:53 TRACE root:10 - Program ended successfully.
2019-06-15 18:08:53 TRACE root:10 - Program ended successfully.
2019-06-15 18:10:41 TRACE root:10 - Program started successfully.
2019-06-15 18:10:53 TRACE root:10 - Program ended successfully.
2019-06-15 18:11:15 TRACE root:10 - Program ended successfully.
2019-06-15 18:11:58 TRACE root:10 - Program started successfully.
2019-06-15 18:12:11 TRACE root:10 - Program ended successfully.
2019-06-15 18:12:12 TRACE root:10 - Program ended successfully.
2019-06-15 18:16:21 TRACE root:10 - Program started successfully.
2019-06-15 18:16:28 TRACE root:10 - Program ended successfully.
2019-06-15 18:17:46 TRACE root:10 - Program started successfully.
2019-06-15 18:17:52 TRACE root:10 - Program ended successfully.
2019-06-15 18:20:29 TRACE root:10 - Program started successfully.
2019-06-15 18:20:37 TRACE root:10 - Program ended successfully.
2019-06-15 18:41:26 TRACE root:10 - Program started successfully.
2019-06-15 18:41:43 INFO  root:18 - Connection Successful.
2019-06-15 18:43:34 TRACE root:10 - Program started successfully.
2019-06-15 18:43:40 INFO  root:18 - Connection to DB Successful.
2019-06-15 19:09:37 TRACE root:10 - Program started successfully.
2019-06-15 19:10:26 INFO  root:18 - Connection to DB Successful.
2019-06-15 19:10:27 INFO  root:18 - Connection to DB Successful.
2019-06-15 19:11:28 TRACE root:10 - Program started successfully.
2019-06-15 19:12:11 INFO  root:18 - Connection to DB Successful.
2019-06-15 19:12:12 INFO  root:18 - Connection to DB Successful.
2019-06-15 19:12:12 INFO  root:18 - Successfully added a car
2019-06-15 19:31:58 INFO  root:18 - Connection to DB Successful.
2019-06-15 19:54:45 TRACE root:10 - Program started successfully.
2019-06-15 19:55:14 INFO  root:18 - Connection to DB Successful.
2019-06-15 19:55:15 INFO  root:18 - Connection to DB Successful.
2019-06-15 19:55:15 INFO  root:18 - Successfully added a car
2019-06-15 20:00:36 INFO  root:18 - Connection to DB Successful.
2019-06-15 20:00:36 INFO  root:18 - Successfully added a car
2019-06-15 20:08:38 TRACE root:10 - Program started successfully.
2019-06-15 20:08:52 INFO  root:18 - Connection to DB Successful.
2019-06-15 20:08:52 INFO  root:18 - Creating a customer
2019-06-15 20:12:28 TRACE root:10 - Program started successfully.
2019-06-15 20:12:34 INFO  root:18 - Connection to DB Successful.
2019-06-15 20:12:52 INFO  root:18 - Creating a customer
2019-06-15 20:13:58 INFO  root:18 - Creating a customer
2019-06-15 20:15:43 TRACE root:10 - Program started successfully.
2019-06-15 20:15:52 INFO  root:18 - Connection to DB Successful.
2019-06-15 20:16:13 TRACE root:10 - Program started successfully.
2019-06-15 20:16:22 INFO  root:18 - Connection to DB Successful.
2019-06-15 20:16:41 TRACE root:10 - Program started successfully.
2019-06-15 20:16:51 INFO  root:18 - Connection to DB Successful.
2019-06-15 20:16:51 INFO  root:18 - Creating a customer
2019-06-15 20:20:47 TRACE root:10 - Program started successfully.
2019-06-15 20:20:58 INFO  root:18 - Connection to DB Successful.
2019-06-15 20:20:58 INFO  root:18 - Creating a customer
2019-06-15 20:22:18 TRACE root:10 - Program started successfully.
2019-06-15 20:22:26 INFO  root:18 - Connection to DB Successful.
2019-06-15 20:22:27 INFO  root:18 - Creating a customer
2019-06-15 20:27:55 TRACE root:10 - Program started successfully.
2019-06-15 20:28:04 INFO  root:18 - Connection to DB Successful.
2019-06-15 20:28:17 ERROR root:26 - Customer was not added. Rolling back
2019-06-15 20:28:17 INFO  root:18 - Creating a customer
2019-06-15 20:42:42 TRACE root:10 - Program started successfully.
2019-06-15 20:42:56 INFO  root:18 - Connection to DB Successful.
2019-06-15 20:42:57 ERROR root:26 - Customer was not added. Rolling back
2019-06-15 20:42:57 INFO  root:18 - Creating a customer
2019-06-15 20:55:06 TRACE root:10 - Program started successfully.
2019-06-15 20:55:14 INFO  root:18 - Connection to DB Successful.
2019-06-15 20:55:15 ERROR root:26 - Customer was not added. Rolling back
2019-06-15 20:55:15 INFO  root:18 - Creating a customer
2019-06-15 20:55:50 ERROR root:26 - Customer was not added. Rolling back
2019-06-15 20:55:50 INFO  root:18 - Creating a customer
2019-06-15 20:56:11 TRACE root:10 - Program started successfully.
2019-06-15 20:56:19 INFO  root:18 - Connection to DB Successful.
2019-06-15 20:56:20 INFO  root:18 - Creating a customer
2019-06-15 20:56:58 TRACE root:10 - Program started successfully.
2019-06-15 20:57:07 INFO  root:18 - Connection to DB Successful.
2019-06-15 20:57:07 INFO  root:18 - Creating a customer
2019-06-15 20:59:59 INFO  root:18 - Creating a customer
2019-06-15 21:11:26 TRACE root:10 - Program started successfully.
2019-06-15 21:12:02 INFO  root:18 - Connection to DB Successful.
2019-06-15 21:12:25 TRACE root:10 - Program started successfully.
2019-06-15 21:12:55 INFO  root:18 - Connection to DB Successful.
2019-06-15 21:12:55 INFO  root:18 - Adding a car
2019-06-15 21:15:58 TRACE root:10 - Program started successfully.
2019-06-15 21:16:04 INFO  root:18 - Connection to DB Successful.
2019-06-15 21:27:39 TRACE root:10 - Program started successfully.
2019-06-15 21:27:48 INFO  root:18 - Connection to DB Successful.
2019-06-15 21:27:49 INFO  root:18 - Creating a customer
2019-06-15 21:47:02 TRACE root:10 - Program started successfully.
2019-06-15 21:47:08 INFO  root:18 - Connection to DB Successful.
2019-06-15 21:49:58 TRACE root:10 - Program started successfully.
2019-06-15 21:50:06 INFO  root:18 - Connection to DB Successful.
2019-06-15 21:51:19 TRACE root:10 - Program started successfully.
2019-06-15 21:51:25 INFO  root:18 - Connection to DB Successful.
2019-06-15 22:26:08 TRACE root:10 - Program started successfully.
2019-06-15 22:26:16 INFO  root:18 - Connection to DB Successful.
2019-06-15 22:28:08 TRACE root:10 - Program started successfully.
2019-06-15 22:28:14 INFO  root:18 - Connection to DB Successful.
2019-06-15 22:34:25 TRACE root:10 - Program started successfully.
2019-06-15 22:34:33 INFO  root:18 - Connection to DB Successful.
2019-06-15 22:36:29 TRACE root:10 - Program started successfully.
2019-06-15 22:36:37 INFO  root:18 - Connection to DB Successful.
2019-06-15 22:37:45 TRACE root:10 - Program started successfully.
2019-06-15 22:37:57 INFO  root:18 - Connection to DB Successful.
2019-06-15 22:40:46 TRACE root:10 - Program started successfully.
2019-06-15 22:40:57 INFO  root:18 - Connection to DB Successful.
2019-06-15 22:41:46 TRACE root:10 - Program started successfully.
2019-06-15 22:41:55 INFO  root:18 - Connection to DB Successful.
2019-06-15 22:42:51 TRACE root:10 - Program started successfully.
2019-06-15 22:43:00 INFO  root:18 - Connection to DB Successful.
2019-06-15 22:43:46 TRACE root:10 - Program started successfully.
2019-06-15 22:43:53 INFO  root:18 - Connection to DB Successful.
2019-06-15 22:44:02 TRACE root:10 - Program started successfully.
2019-06-15 22:44:11 INFO  root:18 - Connection to DB Successful.
2019-06-15 22:45:15 TRACE root:10 - Program started successfully.
2019-06-15 22:45:23 INFO  root:18 - Connection to DB Successful.
2019-06-15 22:46:31 TRACE root:10 - Program started successfully.
2019-06-15 22:46:37 INFO  root:18 - Connection to DB Successful.
2019-06-15 22:47:44 TRACE root:10 - Program started successfully.
2019-06-15 22:47:56 INFO  root:18 - Connection to DB Successful.
2019-06-15 22:53:15 TRACE root:10 - Program started successfully.
2019-06-15 22:53:23 INFO  root:18 - Connection to DB Successful.
2019-06-15 22:54:28 TRACE root:10 - Program started successfully.
2019-06-15 22:54:35 INFO  root:18 - Connection to DB Successful.
2019-06-15 22:55:56 TRACE root:10 - Program started successfully.
2019-06-15 22:56:04 INFO  root:18 - Connection to DB Successful.
2019-06-15 22:56:33 TRACE root:10 - Program started successfully.
2019-06-15 22:56:40 INFO  root:18 - Connection to DB Successful.
2019-06-15 22:57:35 TRACE root:10 - Program started successfully.
2019-06-15 22:57:43 INFO  root:18 - Connection to DB Successful.
2019-06-15 22:58:08 TRACE root:10 - Program started successfully.
2019-06-15 22:58:15 INFO  root:18 - Connection to DB Successful.
2019-06-15 22:58:31 TRACE root:10 - Program started successfully.
2019-06-15 22:58:39 INFO  root:18 - Connection to DB Successful.
2019-06-15 22:59:02 TRACE root:10 - Program started successfully.
2019-06-15 22:59:09 INFO  root:18 - Connection to DB Successful.
2019-06-15 22:59:30 TRACE root:10 - Program started successfully.
2019-06-15 22:59:43 INFO  root:18 - Connection to DB Successful.
2019-06-15 23:01:45 TRACE root:10 - Program started successfully.
2019-06-15 23:01:57 INFO  root:18 - Connection to DB Successful.
2019-06-15 23:02:40 INFO  root:18 - Creating a customer
2019-06-15 23:02:43 TRACE root:10 - Program ended successfully.
2019-06-15 23:02:48 TRACE root:10 - Program started successfully.
2019-06-15 23:03:00 INFO  root:18 - Connection to DB Successful.
2019-06-15 23:05:44 TRACE root:10 - Program started successfully.
2019-06-15 23:06:52 TRACE root:10 - Program started successfully.
2019-06-15 23:07:09 INFO  root:18 - Connection to DB Successful.
2019-06-15 23:09:05 TRACE root:10 - Program started successfully.
2019-06-15 23:10:28 INFO  root:18 - Connection to DB Successful.
2019-06-15 23:11:18 TRACE root:10 - Program started successfully.
2019-06-15 23:11:32 INFO  root:18 - Connection to DB Successful.
2019-06-15 23:13:19 TRACE root:10 - Program started successfully.
2019-06-15 23:13:35 INFO  root:18 - Connection to DB Successful.
2019-06-15 23:15:45 TRACE root:10 - Program started successfully.
2019-06-15 23:16:00 INFO  root:18 - Connection to DB Successful.
2019-06-15 23:16:23 TRACE root:10 - Program started successfully.
2019-06-15 23:16:33 INFO  root:18 - Connection to DB Successful.
2019-06-15 23:24:04 TRACE root:10 - Program started successfully.
2019-06-15 23:24:20 INFO  root:18 - Connection to DB Successful.
2019-06-15 23:24:58 TRACE root:10 - Program started successfully.
2019-06-15 23:25:05 INFO  root:18 - Connection to DB Successful.
2019-06-15 23:29:23 TRACE root:10 - Program started successfully.
2019-06-15 23:29:34 INFO  root:18 - Connection to DB Successful.
2019-06-15 23:31:02 TRACE root:10 - Program started successfully.
2019-06-15 23:31:20 INFO  root:18 - Connection to DB Successful.
2019-06-15 23:32:11 TRACE root:10 - Program started successfully.
2019-06-15 23:32:17 INFO  root:18 - Connection to DB Successful.
2019-06-15 23:39:24 TRACE root:10 - Program started successfully.
2019-06-15 23:39:32 INFO  root:18 - Connection to DB Successful.
2019-06-16 13:00:37 TRACE root:10 - Program started successfully.
2019-06-16 13:00:50 INFO  root:18 - Connection to DB Successful.
2019-06-16 13:08:34 TRACE root:10 - Program started successfully.
2019-06-16 13:08:36 INFO  root:18 - Connection to DB Successful.
2019-06-16 13:09:25 TRACE root:10 - Program started successfully.
2019-06-16 13:09:27 INFO  root:18 - Connection to DB Successful.
2019-06-16 13:09:27 INFO  root:18 - Adding a car
2019-06-16 13:09:27 INFO  root:18 - Adding a car
2019-06-16 13:09:27 INFO  root:18 - Adding a car
2019-06-16 13:09:39 TRACE root:10 - Program started successfully.
2019-06-16 13:09:41 INFO  root:18 - Connection to DB Successful.
2019-06-16 13:09:41 INFO  root:18 - Adding a car
2019-06-16 13:09:41 INFO  root:18 - Adding a car
2019-06-16 13:09:41 INFO  root:18 - Adding a car
2019-06-16 13:10:47 INFO  root:18 - Adding a car
2019-06-16 13:30:50 TRACE root:10 - Program started successfully.
2019-06-16 13:30:52 INFO  root:18 - Connection to DB Successful.
2019-06-16 13:30:52 INFO  root:18 - Adding a car
2019-06-16 13:30:52 INFO  root:18 - Adding a car
2019-06-16 13:30:53 INFO  root:18 - Adding a car
2019-06-16 13:38:20 TRACE root:10 - Program started successfully.
2019-06-16 13:38:23 INFO  root:18 - Connection to DB Successful.
2019-06-16 13:39:53 TRACE root:10 - Program started successfully.
2019-06-16 13:39:55 INFO  root:18 - Connection to DB Successful.
2019-06-16 13:43:09 TRACE root:10 - Program started successfully.
2019-06-16 13:43:11 INFO  root:18 - Connection to DB Successful.
2019-06-16 13:46:55 TRACE root:10 - Program started successfully.
2019-06-16 13:46:57 INFO  root:18 - Connection to DB Successful.
2019-06-16 13:48:13 TRACE root:10 - Program started successfully.
2019-06-16 13:48:15 INFO  root:18 - Connection to DB Successful.
2019-06-16 13:49:34 TRACE root:10 - Program started successfully.
2019-06-16 13:49:36 INFO  root:18 - Connection to DB Successful.
2019-06-16 13:50:36 TRACE root:10 - Program started successfully.
2019-06-16 13:50:38 INFO  root:18 - Connection to DB Successful.
2019-06-16 13:51:10 TRACE root:10 - Program started successfully.
2019-06-16 13:51:13 INFO  root:18 - Connection to DB Successful.
2019-06-16 13:52:03 TRACE root:10 - Program started successfully.
2019-06-16 13:52:05 INFO  root:18 - Connection to DB Successful.
2019-06-16 13:53:33 TRACE root:10 - Program started successfully.
2019-06-16 13:53:37 INFO  root:18 - Connection to DB Successful.
2019-06-16 14:00:39 TRACE root:10 - Program started successfully.
2019-06-16 14:00:41 INFO  root:18 - Connection to DB Successful.
2019-06-16 14:01:46 TRACE root:10 - Program started successfully.
2019-06-16 14:01:48 INFO  root:18 - Connection to DB Successful.
2019-06-16 14:02:06 TRACE root:10 - Program started successfully.
2019-06-16 14:02:08 INFO  root:18 - Connection to DB Successful.
2019-06-16 14:02:38 TRACE root:10 - Program started successfully.
2019-06-16 14:02:41 INFO  root:18 - Connection to DB Successful.
2019-06-16 14:03:54 TRACE root:10 - Program started successfully.
2019-06-16 14:03:56 INFO  root:18 - Connection to DB Successful.
2019-06-16 14:41:48 TRACE root:10 - Program started successfully.
2019-06-16 14:41:50 INFO  root:18 - Connection to DB Successful.
2019-06-16 14:43:14 TRACE root:10 - Program started successfully.
2019-06-16 14:43:16 INFO  root:18 - Connection to DB Successful.
2019-06-16 14:44:18 TRACE root:10 - Program started successfully.
2019-06-16 14:44:20 INFO  root:18 - Connection to DB Successful.
2019-06-16 14:46:15 TRACE root:10 - Program started successfully.
2019-06-16 14:46:17 INFO  root:18 - Connection to DB Successful.
2019-06-16 14:50:22 TRACE root:10 - Program started successfully.
2019-06-16 14:50:25 INFO  root:18 - Connection to DB Successful.
2019-06-16 14:51:47 TRACE root:10 - Program started successfully.
2019-06-16 14:51:50 INFO  root:18 - Connection to DB Successful.
2019-06-16 14:52:43 TRACE root:10 - Program started successfully.
2019-06-16 14:52:48 INFO  root:18 - Connection to DB Successful.
2019-06-16 14:54:41 TRACE root:10 - Program started successfully.
2019-06-16 14:54:44 INFO  root:18 - Connection to DB Successful.
2019-06-16 14:56:04 TRACE root:10 - Program started successfully.
2019-06-16 14:56:07 INFO  root:18 - Connection to DB Successful.
2019-06-16 14:57:31 TRACE root:10 - Program started successfully.
2019-06-16 14:57:33 INFO  root:18 - Connection to DB Successful.
2019-06-16 14:58:09 TRACE root:10 - Program started successfully.
2019-06-16 14:58:12 INFO  root:18 - Connection to DB Successful.
2019-06-16 15:01:37 TRACE root:10 - Program started successfully.
2019-06-16 15:01:39 INFO  root:18 - Connection to DB Successful.
2019-06-16 16:57:52 TRACE root:10 - Program started successfully.
2019-06-16 16:57:55 INFO  root:18 - Connection to DB Successful.
2019-06-16 16:57:55 INFO  root:18 - Connection to DB Successful.
2019-06-16 16:59:05 INFO  root:18 - Connection to DB Successful.
2019-06-16 17:04:19 TRACE root:10 - Program started successfully.
2019-06-16 17:04:21 INFO  root:18 - Connection to DB Successful.
2019-06-16 17:04:22 INFO  root:18 - Connection to DB Successful.
2019-06-16 17:04:29 INFO  root:18 - Connection to DB Successful.
2019-06-16 17:05:18 TRACE root:10 - Program started successfully.
2019-06-16 17:05:20 INFO  root:18 - Connection to DB Successful.
2019-06-16 17:05:21 INFO  root:18 - Connection to DB Successful.
2019-06-16 17:05:31 INFO  root:18 - Connection to DB Successful.
2019-06-16 17:08:47 TRACE root:10 - Program started successfully.
2019-06-16 17:08:48 INFO  root:18 - Connection to DB Successful.
2019-06-16 17:08:49 INFO  root:18 - Connection to DB Successful.
2019-06-16 17:09:00 INFO  root:18 - Connection to DB Successful.
2019-06-16 17:12:29 TRACE root:10 - Program started successfully.
2019-06-16 17:12:31 INFO  root:18 - Connection to DB Successful.
2019-06-16 17:12:31 INFO  root:18 - Connection to DB Successful.
2019-06-16 17:12:39 INFO  root:18 - Connection to DB Successful.
2019-06-16 17:17:37 TRACE root:10 - Program started successfully.
2019-06-16 17:17:38 INFO  root:18 - Connection to DB Successful.
2019-06-16 17:17:39 INFO  root:18 - Connection to DB Successful.
2019-06-16 17:18:01 INFO  root:18 - Connection to DB Successful.
2019-06-16 17:21:43 TRACE root:10 - Program started successfully.
2019-06-16 17:21:44 INFO  root:18 - Connection to DB Successful.
2019-06-16 17:21:45 INFO  root:18 - Connection to DB Successful.
2019-06-16 17:22:39 TRACE root:10 - Program started successfully.
2019-06-16 17:22:40 INFO  root:18 - Connection to DB Successful.
2019-06-16 17:22:41 INFO  root:18 - Connection to DB Successful.
2019-06-16 17:22:52 TRACE root:10 - Program started successfully.
2019-06-16 17:22:53 INFO  root:18 - Connection to DB Successful.
2019-06-16 17:22:54 INFO  root:18 - Connection to DB Successful.
2019-06-16 17:23:54 TRACE root:10 - Program started successfully.
2019-06-16 17:23:55 INFO  root:18 - Connection to DB Successful.
2019-06-16 17:23:56 INFO  root:18 - Connection to DB Successful.
2019-06-16 17:29:37 TRACE root:10 - Program started successfully.
2019-06-16 17:29:38 INFO  root:18 - Connection to DB Successful.
2019-06-16 17:29:39 INFO  root:18 - Connection to DB Successful.
2019-06-16 17:29:55 INFO  root:18 - Connection to DB Successful.
2019-06-16 17:30:28 TRACE root:10 - Program started successfully.
2019-06-16 17:30:29 INFO  root:18 - Connection to DB Successful.
2019-06-16 17:30:30 INFO  root:18 - Connection to DB Successful.
2019-06-16 17:30:38 INFO  root:18 - Connection to DB Successful.
2019-06-16 17:31:53 TRACE root:10 - Program started successfully.
2019-06-16 17:31:55 INFO  root:18 - Connection to DB Successful.
2019-06-16 17:31:56 INFO  root:18 - Connection to DB Successful.
2019-06-16 17:32:03 INFO  root:18 - Connection to DB Successful.
2019-06-16 17:33:41 TRACE root:10 - Program started successfully.
2019-06-16 17:33:42 INFO  root:18 - Connection to DB Successful.
2019-06-16 17:33:43 INFO  root:18 - Connection to DB Successful.
2019-06-16 17:33:49 INFO  root:18 - Connection to DB Successful.
2019-06-17 20:44:55 TRACE root:10 - Program started successfully.
2019-06-17 20:44:57 INFO  root:18 - Connection to DB Successful.
2019-06-17 20:44:58 INFO  root:18 - Connection to DB Successful.
2019-06-17 20:48:02 TRACE root:10 - Program started successfully.
2019-06-17 20:48:04 INFO  root:18 - Connection to DB Successful.
2019-06-17 20:48:04 INFO  root:18 - Connection to DB Successful.
2019-06-17 20:51:56 TRACE root:10 - Program started successfully.
2019-06-17 20:51:58 INFO  root:18 - Connection to DB Successful.
2019-06-17 20:51:58 INFO  root:18 - Connection to DB Successful.
2019-06-17 20:58:29 TRACE root:10 - Program started successfully.
2019-06-17 20:58:30 INFO  root:18 - Connection to DB Successful.
2019-06-17 20:58:31 INFO  root:18 - Connection to DB Successful.
2019-06-17 21:00:10 TRACE root:10 - Program started successfully.
2019-06-17 21:00:11 INFO  root:18 - Connection to DB Successful.
2019-06-17 21:00:12 INFO  root:18 - Connection to DB Successful.
2019-06-17 21:01:55 TRACE root:10 - Program started successfully.
2019-06-17 21:01:56 INFO  root:18 - Connection to DB Successful.
2019-06-17 21:01:57 INFO  root:18 - Connection to DB Successful.
2019-06-17 21:03:34 TRACE root:10 - Program started successfully.
2019-06-17 21:03:35 INFO  root:18 - Connection to DB Successful.
2019-06-17 21:03:36 INFO  root:18 - Connection to DB Successful.
2019-06-17 21:03:49 TRACE root:10 - Program started successfully.
2019-06-17 21:03:50 INFO  root:18 - Connection to DB Successful.
2019-06-17 21:03:51 INFO  root:18 - Connection to DB Successful.
2019-06-17 21:04:50 TRACE root:10 - Program started successfully.
2019-06-17 21:04:51 INFO  root:18 - Connection to DB Successful.
2019-06-17 21:04:52 INFO  root:18 - Connection to DB Successful.
2019-06-17 21:05:17 TRACE root:10 - Program started successfully.
2019-06-17 21:05:19 INFO  root:18 - Connection to DB Successful.
2019-06-17 21:05:19 INFO  root:18 - Connection to DB Successful.
2019-06-17 21:07:20 TRACE root:10 - Program started successfully.
2019-06-17 21:07:22 INFO  root:18 - Connection to DB Successful.
2019-06-17 21:07:22 INFO  root:18 - Connection to DB Successful.
2019-06-17 21:07:23 INFO  root:18 - Adding a car
2019-06-17 21:07:23 INFO  root:18 - Adding a car
2019-06-17 21:07:23 INFO  root:18 - Adding a car
2019-06-17 21:09:12 TRACE root:10 - Program started successfully.
2019-06-17 21:09:14 INFO  root:18 - Connection to DB Successful.
2019-06-17 21:09:14 INFO  root:18 - Connection to DB Successful.
2019-06-17 21:11:18 TRACE root:10 - Program started successfully.
2019-06-17 21:11:20 INFO  root:18 - Connection to DB Successful.
2019-06-17 21:11:20 INFO  root:18 - Connection to DB Successful.
2019-06-17 21:11:44 TRACE root:10 - Program started successfully.
2019-06-17 21:11:45 INFO  root:18 - Connection to DB Successful.
2019-06-17 21:11:46 INFO  root:18 - Connection to DB Successful.
2019-06-17 21:12:50 TRACE root:10 - Program started successfully.
2019-06-17 21:12:52 INFO  root:18 - Connection to DB Successful.
2019-06-17 21:12:52 INFO  root:18 - Connection to DB Successful.
2019-06-17 21:13:18 TRACE root:10 - Program started successfully.
2019-06-17 21:13:20 INFO  root:18 - Connection to DB Successful.
2019-06-17 21:13:20 INFO  root:18 - Connection to DB Successful.
2019-06-17 21:14:38 TRACE root:10 - Program started successfully.
2019-06-17 21:14:40 INFO  root:18 - Connection to DB Successful.
2019-06-17 21:14:41 INFO  root:18 - Connection to DB Successful.
2019-06-17 21:15:07 INFO  root:18 - Connection to DB Successful.
2019-06-17 21:17:05 TRACE root:10 - Program started successfully.
2019-06-17 21:17:06 INFO  root:18 - Connection to DB Successful.
2019-06-17 21:17:07 INFO  root:18 - Connection to DB Successful.
2019-06-17 21:21:17 TRACE root:10 - Program started successfully.
2019-06-17 21:21:18 INFO  root:18 - Connection to DB Successful.
2019-06-17 21:21:19 INFO  root:18 - Connection to DB Successful.
2019-06-17 21:22:06 INFO  root:18 - Adding a car
2019-06-17 21:23:41 TRACE root:10 - Program started successfully.
2019-06-17 21:23:42 INFO  root:18 - Connection to DB Successful.
2019-06-17 21:23:43 INFO  root:18 - Connection to DB Successful.
2019-06-17 21:24:31 TRACE root:10 - Program started successfully.
2019-06-17 21:24:32 INFO  root:18 - Connection to DB Successful.
2019-06-17 21:24:33 INFO  root:18 - Connection to DB Successful.
2019-06-17 21:25:27 TRACE root:10 - Program started successfully.
2019-06-17 21:25:28 INFO  root:18 - Connection to DB Successful.
2019-06-17 21:25:29 INFO  root:18 - Connection to DB Successful.
2019-06-17 21:25:48 INFO  root:18 - Connection to DB Successful.
2019-06-17 21:26:48 TRACE root:10 - Program started successfully.
2019-06-17 21:26:50 INFO  root:18 - Connection to DB Successful.
2019-06-17 21:26:50 INFO  root:18 - Connection to DB Successful.
2019-06-17 21:27:33 TRACE root:10 - Program started successfully.
2019-06-17 21:27:34 INFO  root:18 - Connection to DB Successful.
2019-06-17 21:27:35 INFO  root:18 - Connection to DB Successful.
2019-06-17 21:29:57 INFO  root:18 - Connection to DB Successful.
2019-06-17 21:32:50 TRACE root:10 - Program started successfully.
2019-06-17 21:32:51 INFO  root:18 - Connection to DB Successful.
2019-06-17 21:32:52 INFO  root:18 - Connection to DB Successful.
2019-06-17 21:33:06 INFO  root:18 - Connection to DB Successful.
2019-06-17 21:34:51 TRACE root:10 - Program started successfully.
2019-06-17 21:34:52 INFO  root:18 - Connection to DB Successful.
2019-06-17 21:34:53 INFO  root:18 - Connection to DB Successful.
2019-06-17 21:37:08 TRACE root:10 - Program started successfully.
2019-06-17 21:37:09 INFO  root:18 - Connection to DB Successful.
2019-06-17 21:37:10 INFO  root:18 - Connection to DB Successful.
2019-06-17 21:44:34 INFO  root:18 - Connection to DB Successful.
2019-06-17 21:49:50 TRACE root:10 - Program started successfully.
2019-06-17 21:49:51 INFO  root:18 - Connection to DB Successful.
2019-06-17 21:49:52 INFO  root:18 - Connection to DB Successful.
2019-06-17 21:50:17 INFO  root:18 - Connection to DB Successful.
2019-06-17 22:14:06 TRACE root:10 - Program started successfully.
2019-06-17 22:14:07 INFO  root:18 - Connection to DB Successful.
2019-06-17 22:14:08 INFO  root:18 - Connection to DB Successful.
2019-06-17 23:06:49 TRACE root:10 - Program started successfully.
2019-06-17 23:06:50 INFO  root:18 - Connection to DB Successful.
2019-06-17 23:06:51 INFO  root:18 - Connection to DB Successful.
2019-06-17 23:07:20 INFO  root:18 - Connection to DB Successful.
2019-06-17 23:08:02 TRACE root:10 - Program started successfully.
2019-06-17 23:08:04 INFO  root:18 - Connection to DB Successful.
2019-06-17 23:08:04 INFO  root:18 - Connection to DB Successful.
2019-06-17 23:08:16 INFO  root:18 - Connection to DB Successful.
2019-06-17 23:13:37 TRACE root:10 - Program started successfully.
2019-06-17 23:13:39 INFO  root:18 - Connection to DB Successful.
2019-06-17 23:13:39 INFO  root:18 - Connection to DB Successful.
2019-06-17 23:13:48 INFO  root:18 - Connection to DB Successful.
2019-06-17 23:14:33 TRACE root:10 - Program started successfully.
2019-06-17 23:14:34 INFO  root:18 - Connection to DB Successful.
2019-06-17 23:14:35 INFO  root:18 - Connection to DB Successful.
2019-06-18 00:07:24 TRACE root:10 - Program started successfully.
2019-06-18 00:07:26 INFO  root:18 - Connection to DB Successful.
2019-06-18 00:07:27 INFO  root:18 - Connection to DB Successful.
2019-06-18 00:07:33 INFO  root:18 - Connection to DB Successful.
2019-06-18 00:08:21 TRACE root:10 - Program started successfully.
2019-06-18 00:08:23 INFO  root:18 - Connection to DB Successful.
2019-06-18 00:08:24 INFO  root:18 - Connection to DB Successful.
2019-06-18 00:08:28 INFO  root:18 - Connection to DB Successful.
2019-06-18 00:14:23 TRACE root:10 - Program started successfully.
2019-06-18 00:14:25 INFO  root:18 - Connection to DB Successful.
2019-06-18 00:14:26 INFO  root:18 - Connection to DB Successful.
2019-06-18 00:14:38 INFO  root:18 - Connection to DB Successful.
2019-06-18 00:15:37 TRACE root:10 - Program started successfully.
2019-06-18 00:15:39 INFO  root:18 - Connection to DB Successful.
2019-06-18 00:15:40 INFO  root:18 - Connection to DB Successful.
2019-06-18 00:15:47 INFO  root:18 - Connection to DB Successful.
2019-06-18 00:16:51 TRACE root:10 - Program started successfully.
2019-06-18 00:16:53 INFO  root:18 - Connection to DB Successful.
2019-06-18 00:16:54 INFO  root:18 - Connection to DB Successful.
2019-06-18 00:17:01 INFO  root:18 - Connection to DB Successful.
2019-06-18 00:23:27 TRACE root:10 - Program started successfully.
2019-06-18 00:23:29 INFO  root:18 - Connection to DB Successful.
2019-06-18 00:23:30 INFO  root:18 - Connection to DB Successful.
2019-06-18 00:23:38 INFO  root:18 - Connection to DB Successful.
2019-06-18 00:26:12 TRACE root:10 - Program started successfully.
2019-06-18 00:26:15 INFO  root:18 - Connection to DB Successful.
2019-06-18 00:26:16 INFO  root:18 - Connection to DB Successful.
2019-06-18 00:26:21 INFO  root:18 - Connection to DB Successful.
2019-06-18 00:26:42 TRACE root:10 - Program started successfully.
2019-06-18 00:26:44 INFO  root:18 - Connection to DB Successful.
2019-06-18 00:26:45 INFO  root:18 - Connection to DB Successful.
2019-06-18 00:26:53 INFO  root:18 - Connection to DB Successful.
2019-06-18 00:27:01 INFO  root:18 - Making an offer
2019-06-18 00:35:17 TRACE root:10 - Program started successfully.
2019-06-18 00:35:19 INFO  root:18 - Connection to DB Successful.
2019-06-18 00:35:19 INFO  root:18 - Connection to DB Successful.
2019-06-18 00:35:26 INFO  root:18 - Connection to DB Successful.
2019-06-18 00:39:19 TRACE root:10 - Program started successfully.
2019-06-18 00:39:22 INFO  root:18 - Connection to DB Successful.
2019-06-18 00:39:22 INFO  root:18 - Connection to DB Successful.
2019-06-18 00:39:23 INFO  root:18 - Connection to DB Successful.
2019-06-18 00:40:19 INFO  root:18 - Making an offer
2019-06-18 00:42:22 TRACE root:10 - Program started successfully.
2019-06-18 00:42:24 INFO  root:18 - Connection to DB Successful.
2019-06-18 00:42:25 INFO  root:18 - Connection to DB Successful.
2019-06-18 00:42:26 INFO  root:18 - Connection to DB Successful.
2019-06-18 00:43:12 TRACE root:10 - Program started successfully.
2019-06-18 00:43:14 INFO  root:18 - Connection to DB Successful.
2019-06-18 00:43:14 INFO  root:18 - Connection to DB Successful.
2019-06-18 00:43:15 INFO  root:18 - Connection to DB Successful.
2019-06-18 00:43:55 TRACE root:10 - Program started successfully.
2019-06-18 00:43:57 INFO  root:18 - Connection to DB Successful.
2019-06-18 00:43:58 INFO  root:18 - Connection to DB Successful.
2019-06-18 00:43:58 INFO  root:18 - Connection to DB Successful.
2019-06-18 00:44:06 TRACE root:10 - Program started successfully.
2019-06-18 00:44:08 INFO  root:18 - Connection to DB Successful.
2019-06-18 00:44:09 INFO  root:18 - Connection to DB Successful.
2019-06-18 00:44:09 INFO  root:18 - Connection to DB Successful.
2019-06-18 00:44:20 TRACE root:10 - Program started successfully.
2019-06-18 00:44:22 INFO  root:18 - Connection to DB Successful.
2019-06-18 00:44:22 INFO  root:18 - Connection to DB Successful.
2019-06-18 00:44:23 INFO  root:18 - Connection to DB Successful.
2019-06-18 00:49:46 TRACE root:10 - Program started successfully.
2019-06-18 00:49:49 INFO  root:18 - Connection to DB Successful.
2019-06-18 00:49:49 INFO  root:18 - Connection to DB Successful.
2019-06-18 00:49:50 INFO  root:18 - Connection to DB Successful.
2019-06-18 00:50:11 INFO  root:18 - Making an offer
2019-06-18 00:52:33 TRACE root:10 - Program started successfully.
2019-06-18 00:52:35 INFO  root:18 - Connection to DB Successful.
2019-06-18 00:52:36 INFO  root:18 - Connection to DB Successful.
2019-06-18 00:52:37 INFO  root:18 - Connection to DB Successful.
2019-06-18 00:53:13 INFO  root:18 - Making an offer
2019-06-18 00:56:21 TRACE root:10 - Program started successfully.
2019-06-18 00:56:23 INFO  root:18 - Connection to DB Successful.
2019-06-18 00:56:24 INFO  root:18 - Connection to DB Successful.
2019-06-18 00:56:24 INFO  root:18 - Connection to DB Successful.
2019-06-18 00:59:26 TRACE root:10 - Program started successfully.
2019-06-18 00:59:28 INFO  root:18 - Connection to DB Successful.
2019-06-18 00:59:28 INFO  root:18 - Connection to DB Successful.
2019-06-18 00:59:29 INFO  root:18 - Connection to DB Successful.
2019-06-18 01:01:02 TRACE root:10 - Program started successfully.
2019-06-18 01:01:03 INFO  root:18 - Connection to DB Successful.
2019-06-18 01:01:04 INFO  root:18 - Connection to DB Successful.
2019-06-18 01:01:05 INFO  root:18 - Connection to DB Successful.
2019-06-18 01:06:40 TRACE root:10 - Program started successfully.
2019-06-18 01:06:42 INFO  root:18 - Connection to DB Successful.
2019-06-18 01:06:42 INFO  root:18 - Connection to DB Successful.
2019-06-18 01:06:43 INFO  root:18 - Connection to DB Successful.
2019-06-18 01:08:18 TRACE root:10 - Program started successfully.
2019-06-18 01:08:20 INFO  root:18 - Connection to DB Successful.
2019-06-18 01:08:21 INFO  root:18 - Connection to DB Successful.
2019-06-18 01:08:22 INFO  root:18 - Connection to DB Successful.
2019-06-18 01:14:05 TRACE root:10 - Program started successfully.
2019-06-18 01:14:07 INFO  root:18 - Connection to DB Successful.
2019-06-18 01:14:08 INFO  root:18 - Connection to DB Successful.
2019-06-18 01:14:08 INFO  root:18 - Connection to DB Successful.
2019-06-18 01:14:23 TRACE root:10 - Program started successfully.
2019-06-18 01:14:25 INFO  root:18 - Connection to DB Successful.
2019-06-18 01:14:26 INFO  root:18 - Connection to DB Successful.
2019-06-18 01:14:27 INFO  root:18 - Connection to DB Successful.
2019-06-18 01:14:47 INFO  root:18 - Making an offer
2019-06-18 01:16:14 TRACE root:10 - Program started successfully.
2019-06-18 01:16:17 INFO  root:18 - Connection to DB Successful.
2019-06-18 01:16:18 INFO  root:18 - Connection to DB Successful.
2019-06-18 01:16:18 INFO  root:18 - Connection to DB Successful.
2019-06-18 01:16:33 INFO  root:18 - Making an offer
2019-06-18 01:18:32 TRACE root:10 - Program started successfully.
2019-06-18 01:18:35 INFO  root:18 - Connection to DB Successful.
2019-06-18 01:18:36 INFO  root:18 - Connection to DB Successful.
2019-06-18 01:18:36 INFO  root:18 - Connection to DB Successful.
2019-06-18 01:19:16 TRACE root:10 - Program started successfully.
2019-06-18 01:19:19 INFO  root:18 - Connection to DB Successful.
2019-06-18 01:19:19 INFO  root:18 - Connection to DB Successful.
2019-06-18 01:19:20 INFO  root:18 - Connection to DB Successful.
2019-06-18 01:21:07 TRACE root:10 - Program started successfully.
2019-06-18 01:21:09 INFO  root:18 - Connection to DB Successful.
2019-06-18 01:21:10 INFO  root:18 - Connection to DB Successful.
2019-06-18 01:21:11 INFO  root:18 - Connection to DB Successful.
2019-06-18 01:21:19 INFO  root:18 - Making an offer
2019-06-18 01:22:06 TRACE root:10 - Program started successfully.
2019-06-18 01:22:08 INFO  root:18 - Connection to DB Successful.
2019-06-18 01:22:09 INFO  root:18 - Connection to DB Successful.
2019-06-18 01:22:09 INFO  root:18 - Connection to DB Successful.
2019-06-18 01:22:21 INFO  root:18 - Creating a customer
2019-06-18 01:23:13 TRACE root:10 - Program started successfully.
2019-06-18 01:23:15 INFO  root:18 - Connection to DB Successful.
2019-06-18 01:23:16 INFO  root:18 - Connection to DB Successful.
2019-06-18 01:23:16 INFO  root:18 - Connection to DB Successful.
2019-06-18 01:23:31 INFO  root:18 - Making an offer
2019-06-18 01:26:08 TRACE root:10 - Program started successfully.
2019-06-18 01:26:09 INFO  root:18 - Connection to DB Successful.
2019-06-18 01:26:10 INFO  root:18 - Connection to DB Successful.
2019-06-18 01:26:11 INFO  root:18 - Connection to DB Successful.
2019-06-18 01:26:27 TRACE root:10 - Program started successfully.
2019-06-18 01:26:30 INFO  root:18 - Connection to DB Successful.
2019-06-18 01:26:30 INFO  root:18 - Connection to DB Successful.
2019-06-18 01:26:31 INFO  root:18 - Connection to DB Successful.
2019-06-18 01:26:43 INFO  root:18 - Making an offer
2019-06-18 13:00:57 TRACE root:10 - Program started successfully.
2019-06-18 13:01:00 INFO  root:18 - Connection to DB Successful.
2019-06-18 13:01:01 INFO  root:18 - Connection to DB Successful.
2019-06-18 13:01:01 INFO  root:18 - Connection to DB Successful.
2019-06-18 15:13:03 TRACE root:10 - Program started successfully.
2019-06-18 15:13:05 INFO  root:18 - Connection to DB Successful.
2019-06-18 15:13:06 INFO  root:18 - Connection to DB Successful.
2019-06-18 15:13:07 INFO  root:18 - Connection to DB Successful.
2019-06-18 15:13:08 INFO  root:18 - Connection to DB Successful.
2019-06-18 15:13:33 INFO  root:18 - Making an offer
2019-06-18 15:20:23 TRACE root:10 - Program started successfully.
2019-06-18 15:20:25 INFO  root:18 - Connection to DB Successful.
2019-06-18 15:20:26 INFO  root:18 - Connection to DB Successful.
2019-06-18 15:20:27 INFO  root:18 - Connection to DB Successful.
2019-06-18 15:20:28 INFO  root:18 - Connection to DB Successful.
2019-06-18 15:20:40 INFO  root:18 - Making an offer
2019-06-18 15:21:54 TRACE root:10 - Program started successfully.
2019-06-18 15:21:56 INFO  root:18 - Connection to DB Successful.
2019-06-18 15:21:57 INFO  root:18 - Connection to DB Successful.
2019-06-18 15:21:57 INFO  root:18 - Connection to DB Successful.
2019-06-18 15:21:59 INFO  root:18 - Connection to DB Successful.
2019-06-18 15:22:06 TRACE root:10 - Program started successfully.
2019-06-18 15:22:08 INFO  root:18 - Connection to DB Successful.
2019-06-18 15:22:09 INFO  root:18 - Connection to DB Successful.
2019-06-18 15:22:10 INFO  root:18 - Connection to DB Successful.
2019-06-18 15:22:10 INFO  root:18 - Connection to DB Successful.
2019-06-18 15:23:07 INFO  root:18 - Making an offer
2019-06-18 15:23:29 TRACE root:10 - Program started successfully.
2019-06-18 15:23:32 INFO  root:18 - Connection to DB Successful.
2019-06-18 15:23:33 INFO  root:18 - Connection to DB Successful.
2019-06-18 15:23:33 INFO  root:18 - Connection to DB Successful.
2019-06-18 15:23:34 INFO  root:18 - Connection to DB Successful.
2019-06-18 15:24:10 INFO  root:18 - Making an offer
2019-06-18 15:24:37 TRACE root:10 - Program started successfully.
2019-06-18 15:24:39 INFO  root:18 - Connection to DB Successful.
2019-06-18 15:24:40 INFO  root:18 - Connection to DB Successful.
2019-06-18 15:24:41 INFO  root:18 - Connection to DB Successful.
2019-06-18 15:24:41 INFO  root:18 - Connection to DB Successful.
2019-06-18 15:24:56 INFO  root:18 - Making an offer
2019-06-18 15:26:24 TRACE root:10 - Program started successfully.
2019-06-18 15:26:26 INFO  root:18 - Connection to DB Successful.
2019-06-18 15:26:27 INFO  root:18 - Connection to DB Successful.
2019-06-18 15:26:28 INFO  root:18 - Connection to DB Successful.
2019-06-18 15:26:28 INFO  root:18 - Connection to DB Successful.
2019-06-18 15:26:53 INFO  root:18 - Making an offer
2019-06-18 15:27:30 TRACE root:10 - Program started successfully.
2019-06-18 15:27:32 INFO  root:18 - Connection to DB Successful.
2019-06-18 15:27:33 INFO  root:18 - Connection to DB Successful.
2019-06-18 15:27:34 INFO  root:18 - Connection to DB Successful.
2019-06-18 15:27:34 INFO  root:18 - Connection to DB Successful.
2019-06-18 15:31:44 TRACE root:10 - Program started successfully.
2019-06-18 15:31:47 INFO  root:18 - Connection to DB Successful.
2019-06-18 15:31:48 INFO  root:18 - Connection to DB Successful.
2019-06-18 15:31:49 INFO  root:18 - Connection to DB Successful.
2019-06-18 15:31:49 INFO  root:18 - Connection to DB Successful.
2019-06-18 15:32:43 TRACE root:10 - Program started successfully.
2019-06-18 15:32:46 INFO  root:18 - Connection to DB Successful.
2019-06-18 15:32:47 INFO  root:18 - Connection to DB Successful.
2019-06-18 15:32:48 INFO  root:18 - Connection to DB Successful.
2019-06-18 15:32:49 INFO  root:18 - Connection to DB Successful.
2019-06-18 15:33:57 TRACE root:10 - Program started successfully.
2019-06-18 15:33:58 INFO  root:18 - Connection to DB Successful.
2019-06-18 15:33:59 INFO  root:18 - Connection to DB Successful.
2019-06-18 15:34:00 INFO  root:18 - Connection to DB Successful.
2019-06-18 15:34:01 INFO  root:18 - Connection to DB Successful.
2019-06-18 15:37:41 TRACE root:10 - Program started successfully.
2019-06-18 15:37:44 INFO  root:18 - Connection to DB Successful.
2019-06-18 15:37:45 INFO  root:18 - Connection to DB Successful.
2019-06-18 15:37:45 INFO  root:18 - Connection to DB Successful.
2019-06-18 15:37:46 INFO  root:18 - Connection to DB Successful.
2019-06-18 15:42:27 TRACE root:10 - Program started successfully.
2019-06-18 15:42:29 INFO  root:18 - Connection to DB Successful.
2019-06-18 15:42:30 INFO  root:18 - Connection to DB Successful.
2019-06-18 15:42:31 INFO  root:18 - Connection to DB Successful.
2019-06-18 15:42:32 INFO  root:18 - Connection to DB Successful.
2019-06-18 15:43:06 TRACE root:10 - Program started successfully.
2019-06-18 15:43:08 INFO  root:18 - Connection to DB Successful.
2019-06-18 15:43:09 INFO  root:18 - Connection to DB Successful.
2019-06-18 15:43:10 INFO  root:18 - Connection to DB Successful.
2019-06-18 15:43:11 INFO  root:18 - Connection to DB Successful.
2019-06-18 15:44:05 TRACE root:10 - Program started successfully.
2019-06-18 15:44:08 INFO  root:18 - Connection to DB Successful.
2019-06-18 15:44:08 INFO  root:18 - Connection to DB Successful.
2019-06-18 15:44:09 INFO  root:18 - Connection to DB Successful.
2019-06-18 15:44:10 INFO  root:18 - Connection to DB Successful.
2019-06-18 15:45:09 TRACE root:10 - Program started successfully.
2019-06-18 15:45:12 INFO  root:18 - Connection to DB Successful.
2019-06-18 15:45:13 INFO  root:18 - Connection to DB Successful.
2019-06-18 15:45:13 INFO  root:18 - Connection to DB Successful.
2019-06-18 15:45:14 INFO  root:18 - Connection to DB Successful.
2019-06-18 15:47:21 TRACE root:10 - Program started successfully.
2019-06-18 15:47:23 INFO  root:18 - Connection to DB Successful.
2019-06-18 15:47:24 INFO  root:18 - Connection to DB Successful.
2019-06-18 15:47:25 INFO  root:18 - Connection to DB Successful.
2019-06-18 15:47:26 INFO  root:18 - Connection to DB Successful.
2019-06-18 15:48:19 TRACE root:10 - Program started successfully.
2019-06-18 15:48:21 INFO  root:18 - Connection to DB Successful.
2019-06-18 15:48:23 INFO  root:18 - Connection to DB Successful.
2019-06-18 15:48:23 INFO  root:18 - Connection to DB Successful.
2019-06-18 15:48:24 INFO  root:18 - Connection to DB Successful.
2019-06-18 15:49:28 TRACE root:10 - Program started successfully.
2019-06-18 15:49:30 INFO  root:18 - Connection to DB Successful.
2019-06-18 15:49:31 INFO  root:18 - Connection to DB Successful.
2019-06-18 15:49:32 INFO  root:18 - Connection to DB Successful.
2019-06-18 15:49:33 INFO  root:18 - Connection to DB Successful.
2019-06-18 16:27:07 TRACE root:10 - Program started successfully.
2019-06-18 16:27:10 INFO  root:18 - Connection to DB Successful.
2019-06-18 16:27:11 INFO  root:18 - Connection to DB Successful.
2019-06-18 16:27:12 INFO  root:18 - Connection to DB Successful.
2019-06-18 16:27:13 INFO  root:18 - Connection to DB Successful.
2019-06-18 16:46:08 TRACE root:10 - Program started successfully.
2019-06-18 16:46:10 INFO  root:18 - Connection to DB Successful.
2019-06-18 16:46:11 INFO  root:18 - Connection to DB Successful.
2019-06-18 16:46:12 INFO  root:18 - Connection to DB Successful.
2019-06-18 16:46:12 INFO  root:18 - Connection to DB Successful.
